-------------------------------------------------------------------------------
Test set: com.qa.project.rest.controller.BookControllerSystemIntegrationTests
-------------------------------------------------------------------------------
Tests run: 2, Failures: 0, Errors: 2, Skipped: 0, Time elapsed: 1.539 s <<< FAILURE! - in com.qa.project.rest.controller.BookControllerSystemIntegrationTests
testGetBooks  Time elapsed: 0.084 s  <<< ERROR!
java.lang.NullPointerException: Cannot invoke "java.util.List.addAll(java.util.Collection)" because "this.booksInDatabase" is null
	at com.qa.project.rest.controller.BookControllerSystemIntegrationTests.init(BookControllerSystemIntegrationTests.java:72)

createBookTest  Time elapsed: 0.008 s  <<< ERROR!
java.lang.NullPointerException: Cannot invoke "java.util.List.addAll(java.util.Collection)" because "this.booksInDatabase" is null
	at com.qa.project.rest.controller.BookControllerSystemIntegrationTests.init(BookControllerSystemIntegrationTests.java:72)

