-------------------------------------------------------------------------------
Test set: com.qa.project.BookSystemIntegrationTest
-------------------------------------------------------------------------------
Tests run: 1, Failures: 1, Errors: 0, Skipped: 0, Time elapsed: 6.713 s <<< FAILURE! - in com.qa.project.BookSystemIntegrationTest
createBookTest  Time elapsed: 0.479 s  <<< FAILURE!
java.lang.AssertionError: Status expected:<201> but was:<200>
	at com.qa.project.BookSystemIntegrationTest.createBookTest(BookSystemIntegrationTest.java:69)

