<?xml version="1.0" encoding="UTF-8"?>
<testsuite xmlns:xsi="http://www.w3.org/2001/XMLSchema-instance" xsi:noNamespaceSchemaLocation="https://maven.apache.org/surefire/maven-surefire-plugin/xsd/surefire-test-report.xsd" name="com.qa.project.rest.controller.BookControllerSystemIntegrationTests" time="1.539" tests="2" errors="2" skipped="0" failures="0">
  <properties>
[...]
</properties>
  <testcase name="testGetBooks" classname="com.qa.project.rest.controller.BookControllerSystemIntegrationTests" time="0.084">
    <error message="Cannot invoke &quot;java.util.List.addAll(java.util.Collection)&quot; because &quot;this.booksInDatabase&quot; is null" type="java.lang.NullPointerException">java.lang.NullPointerException: Cannot invoke "java.util.List.addAll(java.util.Collection)" because "this.booksInDatabase" is null
	at com.qa.project.rest.controller.BookControllerSystemIntegrationTests.init(BookControllerSystemIntegrationTests.java:72)
</error>
    <system-out><![CDATA[2022-09-15 17:16:01.724  INFO 19728 --- [           main] .b.t.c.SpringBootTestContextBootstrapper : Neither @ContextConfiguration nor @ContextHierarchy found for test class [com.qa.project.rest.controller.BookControllerSystemIntegrationTests], using SpringBootContextLoader
2022-09-15 17:16:01.725  INFO 19728 --- [           main] o.s.t.c.support.AbstractContextLoader    : Could not detect default resource locations for test class [com.qa.project.rest.controller.BookControllerSystemIntegrationTests]: no resource found for suffixes {-context.xml, Context.groovy}.
2022-09-15 17:16:01.726  INFO 19728 --- [           main] t.c.s.AnnotationConfigContextLoaderUtils : Could not detect default configuration classes for test class [com.qa.project.rest.controller.BookControllerSystemIntegrationTests]: BookControllerSystemIntegrationTests does not declare any static, non-private, non-final, nested classes annotated with @Configuration.
2022-09-15 17:16:01.746  INFO 19728 --- [           main] .b.t.c.SpringBootTestContextBootstrapper : Found @SpringBootConfiguration com.qa.project.JavaProjectApplication for test class com.qa.project.rest.controller.BookControllerSystemIntegrationTests
2022-09-15 17:16:01.752  INFO 19728 --- [           main] .b.t.c.SpringBootTestContextBootstrapper : Loaded default TestExecutionListener class names from location [META-INF/spring.factories]: [org.springframework.boot.test.mock.mockito.MockitoTestExecutionListener, org.springframework.boot.test.mock.mockito.ResetMocksTestExecutionListener, org.springframework.boot.test.autoconfigure.restdocs.RestDocsTestExecutionListener, org.springframework.boot.test.autoconfigure.web.client.MockRestServiceServerResetTestExecutionListener, org.springframework.boot.test.autoconfigure.web.servlet.MockMvcPrintOnlyOnFailureTestExecutionListener, org.springframework.boot.test.autoconfigure.web.servlet.WebDriverTestExecutionListener, org.springframework.boot.test.autoconfigure.webservices.client.MockWebServiceServerTestExecutionListener, org.springframework.test.context.web.ServletTestExecutionListener, org.springframework.test.context.support.DirtiesContextBeforeModesTestExecutionListener, org.springframework.test.context.event.ApplicationEventsTestExecutionListener, org.springframework.test.context.support.DependencyInjectionTestExecutionListener, org.springframework.test.context.support.DirtiesContextTestExecutionListener, org.springframework.test.context.transaction.TransactionalTestExecutionListener, org.springframework.test.context.jdbc.SqlScriptsTestExecutionListener, org.springframework.test.context.event.EventPublishingTestExecutionListener]
2022-09-15 17:16:01.752  INFO 19728 --- [           main] .b.t.c.SpringBootTestContextBootstrapper : Using TestExecutionListeners: [org.springframework.test.context.web.ServletTestExecutionListener@423d662a, org.springframework.test.context.support.DirtiesContextBeforeModesTestExecutionListener@5d56c2d2, org.springframework.test.context.event.ApplicationEventsTestExecutionListener@4a249610, org.springframework.boot.test.mock.mockito.MockitoTestExecutionListener@ebbbe20, org.springframework.boot.test.autoconfigure.SpringBootDependencyInjectionTestExecutionListener@279e85eb, org.springframework.test.context.support.DirtiesContextTestExecutionListener@4cb59398, org.springframework.test.context.transaction.TransactionalTestExecutionListener@22cf1808, org.springframework.test.context.jdbc.SqlScriptsTestExecutionListener@7156f8cf, org.springframework.test.context.event.EventPublishingTestExecutionListener@22349ad3, org.springframework.boot.test.mock.mockito.ResetMocksTestExecutionListener@42fdf45e, org.springframework.boot.test.autoconfigure.restdocs.RestDocsTestExecutionListener@1828ab51, org.springframework.boot.test.autoconfigure.web.client.MockRestServiceServerResetTestExecutionListener@5e7ea81b, org.springframework.boot.test.autoconfigure.web.servlet.MockMvcPrintOnlyOnFailureTestExecutionListener@589a4305, org.springframework.boot.test.autoconfigure.web.servlet.WebDriverTestExecutionListener@7568134c, org.springframework.boot.test.autoconfigure.webservices.client.MockWebServiceServerTestExecutionListener@28c75c93]

  .   ____          _            __ _ _
 /\\ / ___'_ __ _ _(_)_ __  __ _ \ \ \ \
( ( )\___ | '_ | '_| | '_ \/ _` | \ \ \ \
 \\/  ___)| |_)| | | | | || (_| |  ) ) ) )
  '  |____| .__|_| |_|_| |_\__, | / / / /
 =========|_|==============|___/=/_/_/_/
 :: Spring Boot ::                (v2.7.3)

2022-09-15 17:16:01.804  INFO 19728 --- [           main] r.c.BookControllerSystemIntegrationTests : Starting BookControllerSystemIntegrationTests using Java 17.0.4 on DESKTOP-AACM9RG with PID 19728 (started by Cliff in C:\Users\Cliff\Documents\Java\Spring\JavaProject)
2022-09-15 17:16:01.804  INFO 19728 --- [           main] r.c.BookControllerSystemIntegrationTests : The following 1 profile is active: "testing"
2022-09-15 17:16:01.941  INFO 19728 --- [           main] .s.d.r.c.RepositoryConfigurationDelegate : Bootstrapping Spring Data JPA repositories in DEFAULT mode.
2022-09-15 17:16:01.953  INFO 19728 --- [           main] .s.d.r.c.RepositoryConfigurationDelegate : Finished Spring Data repository scanning in 11 ms. Found 3 JPA repository interfaces.
2022-09-15 17:16:02.307  INFO 19728 --- [           main] o.s.b.w.embedded.tomcat.TomcatWebServer  : Tomcat initialized with port(s): 0 (http)
2022-09-15 17:16:02.322  INFO 19728 --- [           main] o.apache.catalina.core.StandardService   : Starting service [Tomcat]
2022-09-15 17:16:02.323  INFO 19728 --- [           main] org.apache.catalina.core.StandardEngine  : Starting Servlet engine: [Apache Tomcat/9.0.65]
2022-09-15 17:16:02.436  INFO 19728 --- [           main] o.a.c.c.C.[Tomcat].[localhost].[/]       : Initializing Spring embedded WebApplicationContext
2022-09-15 17:16:02.437  INFO 19728 --- [           main] w.s.c.ServletWebServerApplicationContext : Root WebApplicationContext: initialization completed in 630 ms
2022-09-15 17:16:02.463  INFO 19728 --- [           main] com.zaxxer.hikari.HikariDataSource       : HikariPool-2 - Starting...
2022-09-15 17:16:02.464  INFO 19728 --- [           main] com.zaxxer.hikari.HikariDataSource       : HikariPool-2 - Start completed.
2022-09-15 17:16:02.464  INFO 19728 --- [           main] o.s.b.a.h2.H2ConsoleAutoConfiguration    : H2 console available at '/h2-console'. Database available at 'jdbc:h2:mem:testdb'
2022-09-15 17:16:02.573  INFO 19728 --- [           main] o.hibernate.jpa.internal.util.LogHelper  : HHH000204: Processing PersistenceUnitInfo [name: default]
2022-09-15 17:16:02.578  INFO 19728 --- [           main] org.hibernate.dialect.Dialect            : HHH000400: Using dialect: org.hibernate.dialect.H2Dialect
2022-09-15 17:16:02.663  INFO 19728 --- [           main] o.h.e.t.j.p.i.JtaPlatformInitiator       : HHH000490: Using JtaPlatform implementation: [org.hibernate.engine.transaction.jta.platform.internal.NoJtaPlatform]
2022-09-15 17:16:02.664  INFO 19728 --- [           main] j.LocalContainerEntityManagerFactoryBean : Initialized JPA EntityManagerFactory for persistence unit 'default'
2022-09-15 17:16:02.890  WARN 19728 --- [           main] JpaBaseConfiguration$JpaWebConfiguration : spring.jpa.open-in-view is enabled by default. Therefore, database queries may be performed during view rendering. Explicitly configure spring.jpa.open-in-view to disable this warning
2022-09-15 17:16:03.144  INFO 19728 --- [           main] o.a.c.c.C.[Tomcat].[localhost].[/]       : Initializing Spring TestDispatcherServlet ''
2022-09-15 17:16:03.144  INFO 19728 --- [           main] o.s.t.web.servlet.TestDispatcherServlet  : Initializing Servlet ''
2022-09-15 17:16:03.145  INFO 19728 --- [           main] o.s.t.web.servlet.TestDispatcherServlet  : Completed initialization in 1 ms
2022-09-15 17:16:03.199  INFO 19728 --- [           main] o.s.b.w.embedded.tomcat.TomcatWebServer  : Tomcat started on port(s): 52806 (http) with context path ''
2022-09-15 17:16:03.202  INFO 19728 --- [           main] r.c.BookControllerSystemIntegrationTests : Started BookControllerSystemIntegrationTests in 1.446 seconds (JVM running for 6.021)
2022-09-15 17:16:03.217  INFO 19728 --- [           main] o.s.t.c.transaction.TransactionContext   : Began transaction (1) for test context [DefaultTestContext@66978c15 testClass = BookControllerSystemIntegrationTests, testInstance = com.qa.project.rest.controller.BookControllerSystemIntegrationTests@6c96dc5c, testMethod = testGetBooks@BookControllerSystemIntegrationTests, testException = [null], mergedContextConfiguration = [WebMergedContextConfiguration@61b6f287 testClass = BookControllerSystemIntegrationTests, locations = '{}', classes = '{class com.qa.project.JavaProjectApplication}', contextInitializerClasses = '[]', activeProfiles = '{}', propertySourceLocations = '{}', propertySourceProperties = '{org.springframework.boot.test.context.SpringBootTestContextBootstrapper=true, server.port=0}', contextCustomizers = set[[ImportsContextCustomizer@6ca9ec77 key = [org.springframework.boot.test.autoconfigure.web.servlet.MockMvcAutoConfiguration, org.springframework.boot.test.autoconfigure.web.servlet.MockMvcWebClientAutoConfiguration, org.springframework.boot.test.autoconfigure.web.servlet.MockMvcWebDriverAutoConfiguration, org.springframework.boot.autoconfigure.security.oauth2.client.servlet.OAuth2ClientAutoConfiguration, org.springframework.boot.autoconfigure.security.oauth2.resource.servlet.OAuth2ResourceServerAutoConfiguration, org.springframework.boot.autoconfigure.security.servlet.SecurityAutoConfiguration, org.springframework.boot.autoconfigure.security.servlet.SecurityFilterAutoConfiguration, org.springframework.boot.autoconfigure.security.servlet.UserDetailsServiceAutoConfiguration, org.springframework.boot.test.autoconfigure.web.servlet.MockMvcSecurityConfiguration, org.springframework.boot.test.autoconfigure.web.reactive.WebTestClientAutoConfiguration]], org.springframework.boot.test.context.filter.ExcludeFilterContextCustomizer@28d18df5, org.springframework.boot.test.json.DuplicateJsonObjectContextCustomizerFactory$DuplicateJsonObjectContextCustomizer@b83a9be, org.springframework.boot.test.mock.mockito.MockitoContextCustomizer@0, org.springframework.boot.test.web.client.TestRestTemplateContextCustomizer@7674b62c, org.springframework.boot.test.autoconfigure.actuate.metrics.MetricsExportContextCustomizerFactory$DisableMetricExportContextCustomizer@6aa61224, org.springframework.boot.test.autoconfigure.properties.PropertyMappingContextCustomizer@4b3fa0b3, org.springframework.boot.test.autoconfigure.web.servlet.WebDriverContextCustomizerFactory$Customizer@732d0d24, org.springframework.boot.test.context.SpringBootTestArgs@1, org.springframework.boot.test.context.SpringBootTestWebEnvironment@6743e411], resourceBasePath = 'src/main/webapp', contextLoader = 'org.springframework.boot.test.context.SpringBootContextLoader', parent = [null]], attributes = map['org.springframework.test.context.web.ServletTestExecutionListener.activateListener' -> false, 'org.springframework.test.context.event.ApplicationEventsTestExecutionListener.recordApplicationEvents' -> false]]; transaction manager [org.springframework.orm.jpa.JpaTransactionManager@509e0253]; rollback [true]
2022-09-15 17:16:03.288  INFO 19728 --- [           main] o.s.t.c.transaction.TransactionContext   : Rolled back transaction for test: [DefaultTestContext@66978c15 testClass = BookControllerSystemIntegrationTests, testInstance = com.qa.project.rest.controller.BookControllerSystemIntegrationTests@6c96dc5c, testMethod = testGetBooks@BookControllerSystemIntegrationTests, testException = java.lang.NullPointerException: Cannot invoke "java.util.List.addAll(java.util.Collection)" because "this.booksInDatabase" is null, mergedContextConfiguration = [WebMergedContextConfiguration@61b6f287 testClass = BookControllerSystemIntegrationTests, locations = '{}', classes = '{class com.qa.project.JavaProjectApplication}', contextInitializerClasses = '[]', activeProfiles = '{}', propertySourceLocations = '{}', propertySourceProperties = '{org.springframework.boot.test.context.SpringBootTestContextBootstrapper=true, server.port=0}', contextCustomizers = set[[ImportsContextCustomizer@6ca9ec77 key = [org.springframework.boot.test.autoconfigure.web.servlet.MockMvcAutoConfiguration, org.springframework.boot.test.autoconfigure.web.servlet.MockMvcWebClientAutoConfiguration, org.springframework.boot.test.autoconfigure.web.servlet.MockMvcWebDriverAutoConfiguration, org.springframework.boot.autoconfigure.security.oauth2.client.servlet.OAuth2ClientAutoConfiguration, org.springframework.boot.autoconfigure.security.oauth2.resource.servlet.OAuth2ResourceServerAutoConfiguration, org.springframework.boot.autoconfigure.security.servlet.SecurityAutoConfiguration, org.springframework.boot.autoconfigure.security.servlet.SecurityFilterAutoConfiguration, org.springframework.boot.autoconfigure.security.servlet.UserDetailsServiceAutoConfiguration, org.springframework.boot.test.autoconfigure.web.servlet.MockMvcSecurityConfiguration, org.springframework.boot.test.autoconfigure.web.reactive.WebTestClientAutoConfiguration]], org.springframework.boot.test.context.filter.ExcludeFilterContextCustomizer@28d18df5, org.springframework.boot.test.json.DuplicateJsonObjectContextCustomizerFactory$DuplicateJsonObjectContextCustomizer@b83a9be, org.springframework.boot.test.mock.mockito.MockitoContextCustomizer@0, org.springframework.boot.test.web.client.TestRestTemplateContextCustomizer@7674b62c, org.springframework.boot.test.autoconfigure.actuate.metrics.MetricsExportContextCustomizerFactory$DisableMetricExportContextCustomizer@6aa61224, org.springframework.boot.test.autoconfigure.properties.PropertyMappingContextCustomizer@4b3fa0b3, org.springframework.boot.test.autoconfigure.web.servlet.WebDriverContextCustomizerFactory$Customizer@732d0d24, org.springframework.boot.test.context.SpringBootTestArgs@1, org.springframework.boot.test.context.SpringBootTestWebEnvironment@6743e411], resourceBasePath = 'src/main/webapp', contextLoader = 'org.springframework.boot.test.context.SpringBootContextLoader', parent = [null]], attributes = map['org.springframework.test.context.web.ServletTestExecutionListener.activateListener' -> false, 'org.springframework.test.context.event.ApplicationEventsTestExecutionListener.recordApplicationEvents' -> false]]
]]></system-out>
  </testcase>
  <testcase name="createBookTest" classname="com.qa.project.rest.controller.BookControllerSystemIntegrationTests" time="0.008">
    <error message="Cannot invoke &quot;java.util.List.addAll(java.util.Collection)&quot; because &quot;this.booksInDatabase&quot; is null" type="java.lang.NullPointerException">java.lang.NullPointerException: Cannot invoke "java.util.List.addAll(java.util.Collection)" because "this.booksInDatabase" is null
	at com.qa.project.rest.controller.BookControllerSystemIntegrationTests.init(BookControllerSystemIntegrationTests.java:72)
</error>
    <system-out><![CDATA[2022-09-15 17:16:03.294  INFO 19728 --- [           main] o.s.t.c.transaction.TransactionContext   : Began transaction (1) for test context [DefaultTestContext@66978c15 testClass = BookControllerSystemIntegrationTests, testInstance = com.qa.project.rest.controller.BookControllerSystemIntegrationTests@9e2b199, testMethod = createBookTest@BookControllerSystemIntegrationTests, testException = [null], mergedContextConfiguration = [WebMergedContextConfiguration@61b6f287 testClass = BookControllerSystemIntegrationTests, locations = '{}', classes = '{class com.qa.project.JavaProjectApplication}', contextInitializerClasses = '[]', activeProfiles = '{}', propertySourceLocations = '{}', propertySourceProperties = '{org.springframework.boot.test.context.SpringBootTestContextBootstrapper=true, server.port=0}', contextCustomizers = set[[ImportsContextCustomizer@6ca9ec77 key = [org.springframework.boot.test.autoconfigure.web.servlet.MockMvcAutoConfiguration, org.springframework.boot.test.autoconfigure.web.servlet.MockMvcWebClientAutoConfiguration, org.springframework.boot.test.autoconfigure.web.servlet.MockMvcWebDriverAutoConfiguration, org.springframework.boot.autoconfigure.security.oauth2.client.servlet.OAuth2ClientAutoConfiguration, org.springframework.boot.autoconfigure.security.oauth2.resource.servlet.OAuth2ResourceServerAutoConfiguration, org.springframework.boot.autoconfigure.security.servlet.SecurityAutoConfiguration, org.springframework.boot.autoconfigure.security.servlet.SecurityFilterAutoConfiguration, org.springframework.boot.autoconfigure.security.servlet.UserDetailsServiceAutoConfiguration, org.springframework.boot.test.autoconfigure.web.servlet.MockMvcSecurityConfiguration, org.springframework.boot.test.autoconfigure.web.reactive.WebTestClientAutoConfiguration]], org.springframework.boot.test.context.filter.ExcludeFilterContextCustomizer@28d18df5, org.springframework.boot.test.json.DuplicateJsonObjectContextCustomizerFactory$DuplicateJsonObjectContextCustomizer@b83a9be, org.springframework.boot.test.mock.mockito.MockitoContextCustomizer@0, org.springframework.boot.test.web.client.TestRestTemplateContextCustomizer@7674b62c, org.springframework.boot.test.autoconfigure.actuate.metrics.MetricsExportContextCustomizerFactory$DisableMetricExportContextCustomizer@6aa61224, org.springframework.boot.test.autoconfigure.properties.PropertyMappingContextCustomizer@4b3fa0b3, org.springframework.boot.test.autoconfigure.web.servlet.WebDriverContextCustomizerFactory$Customizer@732d0d24, org.springframework.boot.test.context.SpringBootTestArgs@1, org.springframework.boot.test.context.SpringBootTestWebEnvironment@6743e411], resourceBasePath = 'src/main/webapp', contextLoader = 'org.springframework.boot.test.context.SpringBootContextLoader', parent = [null]], attributes = map['org.springframework.test.context.web.ServletTestExecutionListener.activateListener' -> false, 'org.springframework.test.context.event.ApplicationEventsTestExecutionListener.recordApplicationEvents' -> false]]; transaction manager [org.springframework.orm.jpa.JpaTransactionManager@509e0253]; rollback [true]
2022-09-15 17:16:03.300  INFO 19728 --- [           main] o.s.t.c.transaction.TransactionContext   : Rolled back transaction for test: [DefaultTestContext@66978c15 testClass = BookControllerSystemIntegrationTests, testInstance = com.qa.project.rest.controller.BookControllerSystemIntegrationTests@9e2b199, testMethod = createBookTest@BookControllerSystemIntegrationTests, testException = java.lang.NullPointerException: Cannot invoke "java.util.List.addAll(java.util.Collection)" because "this.booksInDatabase" is null, mergedContextConfiguration = [WebMergedContextConfiguration@61b6f287 testClass = BookControllerSystemIntegrationTests, locations = '{}', classes = '{class com.qa.project.JavaProjectApplication}', contextInitializerClasses = '[]', activeProfiles = '{}', propertySourceLocations = '{}', propertySourceProperties = '{org.springframework.boot.test.context.SpringBootTestContextBootstrapper=true, server.port=0}', contextCustomizers = set[[ImportsContextCustomizer@6ca9ec77 key = [org.springframework.boot.test.autoconfigure.web.servlet.MockMvcAutoConfiguration, org.springframework.boot.test.autoconfigure.web.servlet.MockMvcWebClientAutoConfiguration, org.springframework.boot.test.autoconfigure.web.servlet.MockMvcWebDriverAutoConfiguration, org.springframework.boot.autoconfigure.security.oauth2.client.servlet.OAuth2ClientAutoConfiguration, org.springframework.boot.autoconfigure.security.oauth2.resource.servlet.OAuth2ResourceServerAutoConfiguration, org.springframework.boot.autoconfigure.security.servlet.SecurityAutoConfiguration, org.springframework.boot.autoconfigure.security.servlet.SecurityFilterAutoConfiguration, org.springframework.boot.autoconfigure.security.servlet.UserDetailsServiceAutoConfiguration, org.springframework.boot.test.autoconfigure.web.servlet.MockMvcSecurityConfiguration, org.springframework.boot.test.autoconfigure.web.reactive.WebTestClientAutoConfiguration]], org.springframework.boot.test.context.filter.ExcludeFilterContextCustomizer@28d18df5, org.springframework.boot.test.json.DuplicateJsonObjectContextCustomizerFactory$DuplicateJsonObjectContextCustomizer@b83a9be, org.springframework.boot.test.mock.mockito.MockitoContextCustomizer@0, org.springframework.boot.test.web.client.TestRestTemplateContextCustomizer@7674b62c, org.springframework.boot.test.autoconfigure.actuate.metrics.MetricsExportContextCustomizerFactory$DisableMetricExportContextCustomizer@6aa61224, org.springframework.boot.test.autoconfigure.properties.PropertyMappingContextCustomizer@4b3fa0b3, org.springframework.boot.test.autoconfigure.web.servlet.WebDriverContextCustomizerFactory$Customizer@732d0d24, org.springframework.boot.test.context.SpringBootTestArgs@1, org.springframework.boot.test.context.SpringBootTestWebEnvironment@6743e411], resourceBasePath = 'src/main/webapp', contextLoader = 'org.springframework.boot.test.context.SpringBootContextLoader', parent = [null]], attributes = map['org.springframework.test.context.web.ServletTestExecutionListener.activateListener' -> false, 'org.springframework.test.context.event.ApplicationEventsTestExecutionListener.recordApplicationEvents' -> false]]
]]></system-out>
  </testcase>
</testsuite>